<?xml version="1.0" encoding="UTF-8"?>
<testng-results ignored="0" total="4" passed="4" failed="0" skipped="0">
  <reporter-output>
  </reporter-output>
  <suite started-at="2024-02-24T10:06:01 IST" name="Default suite" finished-at="2024-02-24T10:06:01 IST" duration-ms="168">
    <groups>
    </groups>
    <test started-at="2024-02-24T10:06:01 IST" name="Default test" finished-at="2024-02-24T10:06:01 IST" duration-ms="168">
      <class name="com.test.TestngBasics">
        <test-method is-config="true" signature="startsuite()[pri:0, instance:com.test.TestngBasics@79924b]" started-at="2024-02-24T10:06:01 IST" name="startsuite" finished-at="2024-02-24T10:06:01 IST" duration-ms="11" status="PASS">
          <reporter-output>
          </reporter-output>
        </test-method> <!-- startsuite -->
        <test-method is-config="true" signature="starttest()[pri:0, instance:com.test.TestngBasics@79924b]" started-at="2024-02-24T10:06:01 IST" name="starttest" finished-at="2024-02-24T10:06:01 IST" duration-ms="1" status="PASS">
          <reporter-output>
          </reporter-output>
        </test-method> <!-- starttest -->
        <test-method is-config="true" signature="startclass()[pri:0, instance:com.test.TestngBasics@79924b]" started-at="2024-02-24T10:06:01 IST" name="startclass" finished-at="2024-02-24T10:06:01 IST" duration-ms="0" status="PASS">
          <reporter-output>
          </reporter-output>
        </test-method> <!-- startclass -->
        <test-method is-config="true" signature="startmethod()[pri:0, instance:com.test.TestngBasics@79924b]" started-at="2024-02-24T10:06:01 IST" name="startmethod" finished-at="2024-02-24T10:06:01 IST" duration-ms="0" status="PASS">
          <reporter-output>
          </reporter-output>
        </test-method> <!-- startmethod -->
        <test-method signature="TestCase()[pri:0, instance:com.test.TestngBasics@79924b]" started-at="2024-02-24T10:06:01 IST" name="TestCase" finished-at="2024-02-24T10:06:01 IST" duration-ms="8" status="PASS">
          <reporter-output>
          </reporter-output>
        </test-method> <!-- TestCase -->
        <test-method is-config="true" signature="Endmethod()[pri:0, instance:com.test.TestngBasics@79924b]" started-at="2024-02-24T10:06:01 IST" name="Endmethod" finished-at="2024-02-24T10:06:01 IST" duration-ms="2" status="PASS">
          <reporter-output>
          </reporter-output>
        </test-method> <!-- Endmethod -->
        <test-method is-config="true" signature="startmethod()[pri:0, instance:com.test.TestngBasics@79924b]" started-at="2024-02-24T10:06:01 IST" name="startmethod" finished-at="2024-02-24T10:06:01 IST" duration-ms="1" status="PASS">
          <reporter-output>
          </reporter-output>
        </test-method> <!-- startmethod -->
        <test-method signature="TestCase2()[pri:0, instance:com.test.TestngBasics@79924b]" started-at="2024-02-24T10:06:01 IST" name="TestCase2" finished-at="2024-02-24T10:06:01 IST" duration-ms="2" status="PASS">
          <reporter-output>
          </reporter-output>
        </test-method> <!-- TestCase2 -->
        <test-method is-config="true" signature="Endmethod()[pri:0, instance:com.test.TestngBasics@79924b]" started-at="2024-02-24T10:06:01 IST" name="Endmethod" finished-at="2024-02-24T10:06:01 IST" duration-ms="1" status="PASS">
          <reporter-output>
          </reporter-output>
        </test-method> <!-- Endmethod -->
        <test-method is-config="true" signature="startmethod()[pri:0, instance:com.test.TestngBasics@79924b]" started-at="2024-02-24T10:06:01 IST" name="startmethod" finished-at="2024-02-24T10:06:01 IST" duration-ms="1" status="PASS">
          <reporter-output>
          </reporter-output>
        </test-method> <!-- startmethod -->
        <test-method signature="TestCase3()[pri:0, instance:com.test.TestngBasics@79924b]" started-at="2024-02-24T10:06:01 IST" name="TestCase3" finished-at="2024-02-24T10:06:01 IST" duration-ms="4" status="PASS">
          <reporter-output>
          </reporter-output>
        </test-method> <!-- TestCase3 -->
        <test-method is-config="true" signature="Endmethod()[pri:0, instance:com.test.TestngBasics@79924b]" started-at="2024-02-24T10:06:01 IST" name="Endmethod" finished-at="2024-02-24T10:06:01 IST" duration-ms="1" status="PASS">
          <reporter-output>
          </reporter-output>
        </test-method> <!-- Endmethod -->
        <test-method is-config="true" signature="startmethod()[pri:0, instance:com.test.TestngBasics@79924b]" started-at="2024-02-24T10:06:01 IST" name="startmethod" finished-at="2024-02-24T10:06:01 IST" duration-ms="0" status="PASS">
          <reporter-output>
          </reporter-output>
        </test-method> <!-- startmethod -->
        <test-method signature="TestCase4()[pri:0, instance:com.test.TestngBasics@79924b]" started-at="2024-02-24T10:06:01 IST" name="TestCase4" finished-at="2024-02-24T10:06:01 IST" duration-ms="8" status="PASS">
          <reporter-output>
          </reporter-output>
        </test-method> <!-- TestCase4 -->
        <test-method is-config="true" signature="Endmethod()[pri:0, instance:com.test.TestngBasics@79924b]" started-at="2024-02-24T10:06:01 IST" name="Endmethod" finished-at="2024-02-24T10:06:01 IST" duration-ms="1" status="PASS">
          <reporter-output>
          </reporter-output>
        </test-method> <!-- Endmethod -->
        <test-method is-config="true" signature="Endclass()[pri:0, instance:com.test.TestngBasics@79924b]" started-at="2024-02-24T10:06:01 IST" name="Endclass" finished-at="2024-02-24T10:06:01 IST" duration-ms="1" status="PASS">
          <reporter-output>
          </reporter-output>
        </test-method> <!-- Endclass -->
        <test-method is-config="true" signature="Endtest()[pri:0, instance:com.test.TestngBasics@79924b]" started-at="2024-02-24T10:06:01 IST" name="Endtest" finished-at="2024-02-24T10:06:01 IST" duration-ms="1" status="PASS">
          <reporter-output>
          </reporter-output>
        </test-method> <!-- Endtest -->
        <test-method is-config="true" signature="Endsuite()[pri:0, instance:com.test.TestngBasics@79924b]" started-at="2024-02-24T10:06:01 IST" name="Endsuite" finished-at="2024-02-24T10:06:01 IST" duration-ms="0" status="PASS">
          <reporter-output>
          </reporter-output>
        </test-method> <!-- Endsuite -->
      </class> <!-- com.test.TestngBasics -->
    </test> <!-- Default test -->
  </suite> <!-- Default suite -->
</testng-results>
