<?xml version="1.0" encoding="UTF-8"?>
<!-- Generated by org.testng.reporters.JUnitXMLReporter -->
<testsuite ignored="0" hostname="LAPTOP-LLBG2SR6" failures="0" tests="4" name="Default test" time="0.168" errors="0" timestamp="2024-02-24T10:06:01 IST">
  <testcase classname="com.test.TestngBasics" name="TestCase" time="0.008"/>
  <testcase classname="com.test.TestngBasics" name="TestCase2" time="0.002"/>
  <testcase classname="com.test.TestngBasics" name="TestCase3" time="0.004"/>
  <testcase classname="com.test.TestngBasics" name="TestCase4" time="0.008"/>
</testsuite> <!-- Default test -->
